<?xml version="1.0" encoding="UTF-8"?>
<testng-results ignored="0" total="1" passed="1" failed="0" skipped="0">
  <reporter-output>
  </reporter-output>
  <suite started-at="2024-09-05T21:09:16 IST" name="Suite" finished-at="2024-09-05T21:09:25 IST" duration-ms="8967">
    <groups>
    </groups>
    <test started-at="2024-09-05T21:09:16 IST" name="Test" finished-at="2024-09-05T21:09:25 IST" duration-ms="8967">
      <class name="tests.CreateScheme">
        <test-method is-config="true" signature="setupBrowser()[pri:0, instance:tests.CreateScheme@222114ba]" started-at="2024-09-05T21:09:12 IST" name="setupBrowser" finished-at="2024-09-05T21:09:16 IST" duration-ms="4182" status="PASS">
          <reporter-output>
          </reporter-output>
        </test-method> <!-- setupBrowser -->
        <test-method is-config="true" signature="setupTest()[pri:0, instance:tests.CreateScheme@222114ba]" started-at="2024-09-05T21:09:16 IST" name="setupTest" finished-at="2024-09-05T21:09:16 IST" duration-ms="18" status="PASS">
          <reporter-output>
          </reporter-output>
        </test-method> <!-- setupTest -->
        <test-method signature="createScheme(java.lang.String,java.lang.String,java.lang.String,java.lang.String,java.lang.String,java.lang.String,java.lang.String,java.lang.String,java.lang.String,java.lang.String,java.lang.String,java.lang.String,java.lang.String,java.lang.String)[pri:0, instance:tests.CreateScheme@222114ba]" started-at="2024-09-05T21:09:16 IST" name="createScheme" data-provider="excelData" finished-at="2024-09-05T21:09:25 IST" duration-ms="8622" status="PASS">
          <params>
            <param index="0">
              <value>
                <![CDATA[Scheme Test 3]]>
              </value>
            </param>
            <param index="1">
              <value>
                <![CDATA[Bank Of Baroda]]>
              </value>
            </param>
            <param index="2">
              <value>
                <![CDATA[This is test scheme 1]]>
              </value>
            </param>
            <param index="3">
              <value>
                <![CDATA[Standard]]>
              </value>
            </param>
            <param index="4">
              <value>
                <![CDATA[100]]>
              </value>
            </param>
            <param index="5">
              <value>
                <![CDATA[3000]]>
              </value>
            </param>
            <param index="6">
              <value>
                <![CDATA[30000]]>
              </value>
            </param>
            <param index="7">
              <value>
                <![CDATA[15.5]]>
              </value>
            </param>
            <param index="8">
              <value>
                <![CDATA[36]]>
              </value>
            </param>
            <param index="9">
              <value>
                <![CDATA[0]]>
              </value>
            </param>
            <param index="10">
              <value>
                <![CDATA[Monthly]]>
              </value>
            </param>
            <param index="11">
              <value>
                <![CDATA[Post-Auction Charges]]>
              </value>
            </param>
            <param index="12">
              <value>
                <![CDATA[Flat Value]]>
              </value>
            </param>
            <param index="13">
              <value>
                <![CDATA[1.34]]>
              </value>
            </param>
          </params>
          <reporter-output>
          </reporter-output>
        </test-method> <!-- createScheme -->
        <test-method is-config="true" signature="closeBrowser()[pri:0, instance:tests.CreateScheme@222114ba]" started-at="2024-09-05T21:09:25 IST" name="closeBrowser" finished-at="2024-09-05T21:09:25 IST" duration-ms="183" status="PASS">
          <reporter-output>
          </reporter-output>
        </test-method> <!-- closeBrowser -->
      </class> <!-- tests.CreateScheme -->
    </test> <!-- Test -->
  </suite> <!-- Suite -->
</testng-results>
