<?xml version="1.0" encoding="UTF-8"?>
<testng-results ignored="0" total="1" passed="1" failed="0" skipped="0">
  <reporter-output>
  </reporter-output>
  <suite started-at="2024-09-15T13:06:48 IST" name="Default suite" finished-at="2024-09-15T13:07:48 IST" duration-ms="60271">
    <groups>
    </groups>
    <test started-at="2024-09-15T13:06:48 IST" name="Default test" finished-at="2024-09-15T13:07:48 IST" duration-ms="60271">
      <class name="tests.CreateLoan">
        <test-method is-config="true" signature="setupBrowser()[pri:0, instance:tests.CreateLoan@2b662a77]" started-at="2024-09-15T13:06:46 IST" name="setupBrowser" finished-at="2024-09-15T13:06:48 IST" duration-ms="2383" status="PASS">
          <reporter-output>
          </reporter-output>
        </test-method> <!-- setupBrowser -->
        <test-method is-config="true" signature="setupTest()[pri:0, instance:tests.CreateLoan@2b662a77]" started-at="2024-09-15T13:06:48 IST" name="setupTest" finished-at="2024-09-15T13:06:48 IST" duration-ms="31" status="PASS">
          <reporter-output>
          </reporter-output>
        </test-method> <!-- setupTest -->
        <test-method signature="createLoan(java.lang.String,java.lang.String,java.lang.String,java.lang.String,java.lang.String,java.lang.String,java.lang.reflect.Method)[pri:0, instance:tests.CreateLoan@2b662a77]" started-at="2024-09-15T13:06:48 IST" name="createLoan" data-provider="excelData" finished-at="2024-09-15T13:07:48 IST" duration-ms="59817" status="PASS">
          <params>
            <param index="0">
              <value>
                <![CDATA[TC_01]]>
              </value>
            </param>
            <param index="1">
              <value>
                <![CDATA[Create New Loan]]>
              </value>
            </param>
            <param index="2">
              <value>
                <![CDATA[1344330]]>
              </value>
            </param>
            <param index="3">
              <value>
                <![CDATA[15000]]>
              </value>
            </param>
            <param index="4">
              <value>
                <![CDATA[tenure24standardquaterly]]>
              </value>
            </param>
            <param index="5">
              <value>
                <![CDATA[GL4091555570]]>
              </value>
            </param>
            <param index="6">
              <value>
                <![CDATA[void tests.CreateLoan.createLoan(java.lang.String,java.lang.String,java.lang.String,java.lang.String,java.lang.String,java.lang.String,java.lang.reflect.Method) throws java.lang.Exception]]>
              </value>
            </param>
          </params>
          <reporter-output>
          </reporter-output>
        </test-method> <!-- createLoan -->
        <test-method is-config="true" signature="closeBrowser()[pri:0, instance:tests.CreateLoan@2b662a77]" started-at="2024-09-15T13:07:48 IST" name="closeBrowser" finished-at="2024-09-15T13:07:48 IST" duration-ms="196" status="PASS">
          <reporter-output>
          </reporter-output>
        </test-method> <!-- closeBrowser -->
      </class> <!-- tests.CreateLoan -->
    </test> <!-- Default test -->
  </suite> <!-- Default suite -->
</testng-results>
